<?xml version="1.0" encoding="UTF-8"?>
<!-- Generated by org.testng.reporters.JUnitReportReporter -->
<testsuite hostname="DESKTOP-DKGOJOA" failures="0" tests="6" name="api.testcases.UserTest_DD" time="15.866" errors="0" timestamp="2024-04-06T19:40:17 IST" skipped="0">
  <testcase classname="api.testcases.UserTest_DD" name="Testcreateuser" time="7.405"/>
  <testcase classname="api.testcases.UserTest_DD" name="Testcreateuser" time="1.676"/>
  <testcase classname="api.testcases.UserTest_DD" name="Testcreateuser" time="1.595"/>
  <testcase classname="api.testcases.UserTest_DD" name="testDeleteUser" time="2.037"/>
  <testcase classname="api.testcases.UserTest_DD" name="testDeleteUser" time="1.362"/>
  <testcase classname="api.testcases.UserTest_DD" name="testDeleteUser" time="1.791"/>
</testsuite> <!-- api.testcases.UserTest_DD -->
