<?xml version="1.0" encoding="UTF-8"?>
<!-- Generated by org.testng.reporters.JUnitReportReporter -->
<testsuite hostname="DESKTOP-DKGOJOA" failures="0" tests="4" name="api.testcases.UserTest" time="8.630" errors="0" timestamp="2024-04-06T19:40:17 IST" skipped="0">
  <testcase classname="api.testcases.UserTest" name="Testcreateuser" time="2.039"/>
  <testcase classname="api.testcases.UserTest" name="TestGetuserdata" time="2.132"/>
  <testcase classname="api.testcases.UserTest" name="testUpdateUser" time="2.867"/>
  <testcase classname="api.testcases.UserTest" name="testDeleteUser" time="1.592"/>
</testsuite> <!-- api.testcases.UserTest -->
