<?xml version="1.0" encoding="UTF-8"?>
<!-- Generated by org.testng.reporters.JUnitReportReporter -->
<testsuite hostname="DESKTOP-DKGOJOA" failures="0" tests="4" name="api.testcases.UserTest2" time="12.657" errors="0" timestamp="2024-04-06T21:19:17 IST" skipped="0">
  <testcase classname="api.testcases.UserTest2" name="Testcreateuser" time="6.505"/>
  <testcase classname="api.testcases.UserTest2" name="TestGetuserdata" time="1.542"/>
  <testcase classname="api.testcases.UserTest2" name="testUpdateUser" time="3.188"/>
  <testcase classname="api.testcases.UserTest2" name="testDeleteUser" time="1.422"/>
</testsuite> <!-- api.testcases.UserTest2 -->
