<?xml version="1.0" encoding="UTF-8"?>
<!-- Generated by org.testng.reporters.JUnitReportReporter -->
<testsuite hostname="DESKTOP-DKGOJOA" failures="0" tests="4" name="api.testcases.UserTest" time="8.475" errors="0" timestamp="2024-04-06T21:34:59 IST" skipped="0">
  <testcase classname="api.testcases.UserTest" name="Testcreateuser" time="1.951"/>
  <testcase classname="api.testcases.UserTest" name="TestGetuserdata" time="1.503"/>
  <testcase classname="api.testcases.UserTest" name="testUpdateUser" time="3.507"/>
  <testcase classname="api.testcases.UserTest" name="testDeleteUser" time="1.514"/>
</testsuite> <!-- api.testcases.UserTest -->
