<?xml version="1.0" encoding="UTF-8"?>
<!-- Generated by org.testng.reporters.JUnitReportReporter -->
<testsuite hostname="DESKTOP-DKGOJOA" failures="0" tests="6" name="api.testcases.UserTest_DD" time="16.871" errors="0" timestamp="2024-04-06T21:34:59 IST" skipped="0">
  <testcase classname="api.testcases.UserTest_DD" name="Testcreateuser" time="1.599"/>
  <testcase classname="api.testcases.UserTest_DD" name="Testcreateuser" time="9.131"/>
  <testcase classname="api.testcases.UserTest_DD" name="Testcreateuser" time="1.554"/>
  <testcase classname="api.testcases.UserTest_DD" name="testDeleteUser" time="1.850"/>
  <testcase classname="api.testcases.UserTest_DD" name="testDeleteUser" time="1.350"/>
  <testcase classname="api.testcases.UserTest_DD" name="testDeleteUser" time="1.387"/>
</testsuite> <!-- api.testcases.UserTest_DD -->
